Determining if the pthread_create exist failed with the following output:
Change Dir: /home/pi/catkin_ws/build/CMakeFiles/CMakeTmp

Run Build Command:"/usr/bin/make" "cmTryCompileExec2561809111/fast"
/usr/bin/make -f CMakeFiles/cmTryCompileExec2561809111.dir/build.make CMakeFiles/cmTryCompileExec2561809111.dir/build
make[1]: Entering directory '/home/pi/catkin_ws/build/CMakeFiles/CMakeTmp'
/usr/bin/cmake -E cmake_progress_report /home/pi/catkin_ws/build/CMakeFiles/CMakeTmp/CMakeFiles 1
Building C object CMakeFiles/cmTryCompileExec2561809111.dir/CheckSymbolExists.c.o
/usr/bin/cc    -o CMakeFiles/cmTryCompileExec2561809111.dir/CheckSymbolExists.c.o   -c /home/pi/catkin_ws/build/CMakeFiles/CMakeTmp/CheckSymbolExists.c
Linking C executable cmTryCompileExec2561809111
/usr/bin/cmake -E cmake_link_script CMakeFiles/cmTryCompileExec2561809111.dir/link.txt --verbose=1
/usr/bin/cc       CMakeFiles/cmTryCompileExec2561809111.dir/CheckSymbolExists.c.o  -o cmTryCompileExec2561809111 -rdynamic 
CMakeFiles/cmTryCompileExec2561809111.dir/CheckSymbolExists.c.o: In function `main':
CheckSymbolExists.c:(.text+0x38): undefined reference to `pthread_create'
collect2: error: ld returned 1 exit status
CMakeFiles/cmTryCompileExec2561809111.dir/build.make:88: recipe for target 'cmTryCompileExec2561809111' failed
make[1]: *** [cmTryCompileExec2561809111] Error 1
make[1]: Leaving directory '/home/pi/catkin_ws/build/CMakeFiles/CMakeTmp'
Makefile:118: recipe for target 'cmTryCompileExec2561809111/fast' failed
make: *** [cmTryCompileExec2561809111/fast] Error 2

File /home/pi/catkin_ws/build/CMakeFiles/CMakeTmp/CheckSymbolExists.c:
/* */
#include <pthread.h>

int main(int argc, char** argv)
{
  (void)argv;
#ifndef pthread_create
  return ((int*)(&pthread_create))[argc];
#else
  (void)argc;
  return 0;
#endif
}

Determining if the function pthread_create exists in the pthreads failed with the following output:
Change Dir: /home/pi/catkin_ws/build/CMakeFiles/CMakeTmp

Run Build Command:"/usr/bin/make" "cmTryCompileExec3707634182/fast"
/usr/bin/make -f CMakeFiles/cmTryCompileExec3707634182.dir/build.make CMakeFiles/cmTryCompileExec3707634182.dir/build
make[1]: Entering directory '/home/pi/catkin_ws/build/CMakeFiles/CMakeTmp'
/usr/bin/cmake -E cmake_progress_report /home/pi/catkin_ws/build/CMakeFiles/CMakeTmp/CMakeFiles 1
Building C object CMakeFiles/cmTryCompileExec3707634182.dir/CheckFunctionExists.c.o
/usr/bin/cc   -DCHECK_FUNCTION_EXISTS=pthread_create   -o CMakeFiles/cmTryCompileExec3707634182.dir/CheckFunctionExists.c.o   -c /usr/share/cmake-3.0/Modules/CheckFunctionExists.c
Linking C executable cmTryCompileExec3707634182
/usr/bin/cmake -E cmake_link_script CMakeFiles/cmTryCompileExec3707634182.dir/link.txt --verbose=1
/usr/bin/cc   -DCHECK_FUNCTION_EXISTS=pthread_create    CMakeFiles/cmTryCompileExec3707634182.dir/CheckFunctionExists.c.o  -o cmTryCompileExec3707634182 -rdynamic -lpthreads 
/usr/bin/ld: cannot find -lpthreads
collect2: error: ld returned 1 exit status
CMakeFiles/cmTryCompileExec3707634182.dir/build.make:88: recipe for target 'cmTryCompileExec3707634182' failed
make[1]: Leaving directory '/home/pi/catkin_ws/build/CMakeFiles/CMakeTmp'
make[1]: *** [cmTryCompileExec3707634182] Error 1
Makefile:118: recipe for target 'cmTryCompileExec3707634182/fast' failed
make: *** [cmTryCompileExec3707634182/fast] Error 2


